# JRE version: Java(TM) SE Runtime Environment (11.0.5+10) (build 11.0.5+10-LTS)
# Java VM: Java HotSpot(TM) 64-Bit Server VM (11.0.5+10-LTS, mixed mode, tiered, compressed oops, g1 gc, windows-amd64)
Heap:
 garbage-first heap   total 262144K, used 178065K [0x00000000e0000000, 0x0000000100000000)
  region size 1024K, 64 young (65536K), 2 survivors (2048K)
 Metaspace       used 113475K, capacity 118636K, committed 120528K, reserved 360448K
  class space    used 13768K, capacity 15573K, committed 16000K, reserved 253952K
GC Heap History (10 events):
Event: 9071.130 GC heap before
{Heap before GC invocations=124 (full 0):
 garbage-first heap   total 262144K, used 213761K [0x00000000e0000000, 0x0000000100000000)
  region size 1024K, 115 young (117760K), 5 survivors (5120K)
 Metaspace       used 112636K, capacity 117290K, committed 120528K, reserved 360448K
  class space    used 13584K, capacity 15204K, committed 16000K, reserved 253952K
}
Event: 9071.145 GC heap after
{Heap after GC invocations=125 (full 0):
 garbage-first heap   total 262144K, used 107553K [0x00000000e0000000, 0x0000000100000000)
  region size 1024K, 11 young (11264K), 11 survivors (11264K)
 Metaspace       used 112636K, capacity 117290K, committed 120528K, reserved 360448K
  class space    used 13584K, capacity 15204K, committed 16000K, reserved 253952K
}
Event: 9071.158 GC heap before
{Heap before GC invocations=125 (full 0):
 garbage-first heap   total 262144K, used 108577K [0x00000000e0000000, 0x0000000100000000)
  region size 1024K, 12 young (12288K), 11 survivors (11264K)
 Metaspace       used 112672K, capacity 117410K, committed 120528K, reserved 360448K
  class space    used 13594K, capacity 15244K, committed 16000K, reserved 253952K
}
Event: 9071.185 GC heap after
{Heap after GC invocations=126 (full 0):
 garbage-first heap   total 262144K, used 103177K [0x00000000e0000000, 0x0000000100000000)
  region size 1024K, 2 young (2048K), 2 survivors (2048K)
 Metaspace       used 112672K, capacity 117410K, committed 120528K, reserved 360448K
  class space    used 13594K, capacity 15244K, committed 16000K, reserved 253952K
}
Event: 9107.459 GC heap before
{Heap before GC invocations=126 (full 0):
 garbage-first heap   total 262144K, used 213769K [0x00000000e0000000, 0x0000000100000000)
  region size 1024K, 110 young (112640K), 2 survivors (2048K)
 Metaspace       used 114290K, capacity 119274K, committed 120528K, reserved 360448K
  class space    used 13828K, capacity 15560K, committed 16000K, reserved 253952K
}
Event: 9107.489 GC heap after
{Heap after GC invocations=127 (full 0):
 garbage-first heap   total 262144K, used 109223K [0x00000000e0000000, 0x0000000100000000)
  region size 1024K, 8 young (8192K), 8 survivors (8192K)
 Metaspace       used 114290K, capacity 119274K, committed 120528K, reserved 360448K
  class space    used 13828K, capacity 15560K, committed 16000K, reserved 253952K
}
Event: 9174.495 GC heap before
{Heap before GC invocations=128 (full 0):
 garbage-first heap   total 262144K, used 214695K [0x00000000e0000000, 0x0000000100000000)
  region size 1024K, 111 young (113664K), 8 survivors (8192K)
 Metaspace       used 113203K, capacity 118250K, committed 120528K, reserved 360448K
  class space    used 13723K, capacity 15496K, committed 16000K, reserved 253952K
}
Event: 9174.520 GC heap after
{Heap after GC invocations=129 (full 0):
 garbage-first heap   total 262144K, used 116387K [0x00000000e0000000, 0x0000000100000000)
  region size 1024K, 14 young (14336K), 14 survivors (14336K)
 Metaspace       used 113203K, capacity 118250K, committed 120528K, reserved 360448K
  class space    used 13723K, capacity 15496K, committed 16000K, reserved 253952K
}
Event: 9174.663 GC heap before
{Heap before GC invocations=129 (full 0):
 garbage-first heap   total 262144K, used 117411K [0x00000000e0000000, 0x0000000100000000)
  region size 1024K, 15 young (15360K), 14 survivors (14336K)
 Metaspace       used 113218K, capacity 118250K, committed 120528K, reserved 360448K
  class space    used 13727K, capacity 15496K, committed 16000K, reserved 253952K
}
Event: 9174.686 GC heap after
{Heap after GC invocations=130 (full 0):
 garbage-first heap   total 262144K, used 115601K [0x00000000e0000000, 0x0000000100000000)
  region size 1024K, 2 young (2048K), 2 survivors (2048K)
 Metaspace       used 113218K, capacity 118250K, committed 120528K, reserved 360448K
  class space    used 13727K, capacity 15496K, committed 16000K, reserved 253952K
}

